<?xml version="1.0" encoding="UTF-8"?>
<!-- Generated by org.testng.reporters.JUnitXMLReporter -->
<testsuite ignored="0" hostname="LTIN332923" failures="1" tests="5" name="Nopackage" time="0.06" errors="0" timestamp="2022-11-08T18:00:18 IST">
  <testcase classname="test.da3" name="toy1" time="0.009">
    <failure type="java.lang.AssertionError" message="expected [true] but found [false]">
      <![CDATA[java.lang.AssertionError: expected [true] but found [false]
at test.da3.toy1(da3.java:21)
at java.base/java.util.ArrayList.forEach(ArrayList.java:1541)
at java.base/java.util.concurrent.FutureTask.run(FutureTask.java:264)
at java.base/java.util.concurrent.ThreadPoolExecutor.runWorker(ThreadPoolExecutor.java:1128)
at java.base/java.util.concurrent.ThreadPoolExecutor$Worker.run(ThreadPoolExecutor.java:628)
at java.base/java.lang.Thread.run(Thread.java:834)
... Removed 22 stack frames]]>
    </failure>
  </testcase> <!-- toy1 -->
  <testcase classname="test.da4" name="hai" time="0.001"/>
  <testcase classname="test.da4" name="hai" time="0.001"/>
  <testcase classname="test.da4" name="haii" time="0.0"/>
  <testcase classname="test.da4" name="haiii" time="0.001"/>
</testsuite> <!-- Nopackage -->
